<!DOCTYPE html PUBLIC "-//W3C//DTD XHTML 1.1//EN" "https://www.w3.org/TR/xhtml11/DTD/xhtml11.dtd">
<html xmlns="https://www.w3.org/1999/xhtml">
<head>
<meta http-equiv="content-type" content="text/html; charset=UTF-8"/>
<title>TestNG Report</title>
<style type="text/css">table {margin-bottom:10px;border-collapse:collapse;empty-cells:show}th,td {border:1px solid #009;padding:.25em .5em}th {vertical-align:bottom}td {vertical-align:top}table a {font-weight:bold}.stripe td {background-color: #E6EBF9}.num {text-align:right}.passedodd td {background-color: #3F3}.passedeven td {background-color: #0A0}.skippedodd td {background-color: #DDD}.skippedeven td {background-color: #CCC}.failedodd td,.attn {background-color: #F33}.failedeven td,.stripe .attn {background-color: #D00}.stacktrace {white-space:pre;font-family:monospace}.totop {font-size:85%;text-align:center;border-bottom:2px solid #000}.invisible {display:none}</style>
</head>
<body>
<table>
<tr><th>Test</th><th># Passed</th><th># Skipped</th><th># Retried</th><th># Failed</th><th>Time (ms)</th><th>Included Groups</th><th>Excluded Groups</th></tr>
<tr><th colspan="8">test</th></tr>
<tr><td><a href="#t0">Test_Edge</a></td><td class="num">1</td><td class="num">0</td><td class="num">0</td><td class="num attn">1</td><td class="num">50,835</td><td></td><td></td></tr>
<tr class="stripe"><td><a href="#t1">Test_Chrome</a></td><td class="num">1</td><td class="num">0</td><td class="num">0</td><td class="num attn">1</td><td class="num">89,631</td><td></td><td></td></tr>
<tr><th>Total</th><th class="num">2</th><th class="num">0</th><th class="num">0</th><th class="num attn">2</th><th class="num">140,466</th><th colspan="2"></th></tr>
</table>
<table id='summary'><thead><tr><th>Class</th><th>Method</th><th>Start</th><th>Time (ms)</th></tr></thead><tbody><tr><th colspan="4">test</th></tr></tbody><tbody id="t0"><tr><th colspan="4">Test_Edge &#8212; failed</th></tr><tr class="failedeven"><td rowspan="1">Test_Cases_Package.Test_Case_03</td><td><a href="#m0">Test_Case_Login_Page</a></td><td rowspan="1">1712918856419</td><td rowspan="1">775</td></tr><tr><th colspan="4">Test_Edge &#8212; passed</th></tr><tr class="passedeven"><td rowspan="1">Test_Cases_Package.Test_Case_03</td><td><a href="#m1">Test_Case_Login_Page</a></td><td rowspan="1">1712918855044</td><td rowspan="1">1371</td></tr></tbody>
<tbody id="t1"><tr><th colspan="4">Test_Chrome &#8212; failed</th></tr><tr class="failedeven"><td rowspan="1">Test_Cases_Package.Test_Case_03</td><td><a href="#m2">Test_Case_Login_Page</a></td><td rowspan="1">1712918895924</td><td rowspan="1">975</td></tr><tr><th colspan="4">Test_Chrome &#8212; passed</th></tr><tr class="passedeven"><td rowspan="1">Test_Cases_Package.Test_Case_03</td><td><a href="#m3">Test_Case_Login_Page</a></td><td rowspan="1">1712918894545</td><td rowspan="1">1377</td></tr></tbody>
</table>
<h2>Test_Edge</h2><h3 id="m0">Test_Cases_Package.Test_Case_03#Test_Case_Login_Page</h3><table class="result"><tr class="param"><th>Parameter #1</th></tr><tr class="param stripe"><td>Test_Cases_Package.Base_Class_For_Test_cases$User_Details@59c2af4f</td></tr><tr><th>Exception</th></tr><tr><td><div class="stacktrace">java.lang.AssertionError: expected [My Account] but found [Account Login]
	at Test_Cases_Package.Test_Case_03.Test_Case_Login_Page(Test_Case_03.java:37)
	at java.base/java.util.ArrayList.forEach(ArrayList.java:1511)
	at java.base/java.util.concurrent.FutureTask.run(FutureTask.java:317)
	at java.base/java.util.concurrent.ThreadPoolExecutor.runWorker(ThreadPoolExecutor.java:1144)
	at java.base/java.util.concurrent.ThreadPoolExecutor$Worker.run(ThreadPoolExecutor.java:642)
	at java.base/java.lang.Thread.run(Thread.java:1623)
... Removed 21 stack frames</div></td></tr></table><p class="totop"><a href="#summary">back to summary</a></p>
<h3 id="m1">Test_Cases_Package.Test_Case_03#Test_Case_Login_Page</h3><table class="result"><tr class="param"><th>Parameter #1</th></tr><tr class="param stripe"><td>Test_Cases_Package.Base_Class_For_Test_cases$User_Details@3d138d4f</td></tr></table><p class="totop"><a href="#summary">back to summary</a></p>
<h2>Test_Chrome</h2><h3 id="m2">Test_Cases_Package.Test_Case_03#Test_Case_Login_Page</h3><table class="result"><tr class="param"><th>Parameter #1</th></tr><tr class="param stripe"><td>Test_Cases_Package.Base_Class_For_Test_cases$User_Details@2a40925f</td></tr><tr><th>Exception</th></tr><tr><td><div class="stacktrace">java.lang.AssertionError: expected [My Account] but found [Account Login]
	at Test_Cases_Package.Test_Case_03.Test_Case_Login_Page(Test_Case_03.java:37)
	at java.base/java.util.ArrayList.forEach(ArrayList.java:1511)
	at java.base/java.util.concurrent.FutureTask.run(FutureTask.java:317)
	at java.base/java.util.concurrent.ThreadPoolExecutor.runWorker(ThreadPoolExecutor.java:1144)
	at java.base/java.util.concurrent.ThreadPoolExecutor$Worker.run(ThreadPoolExecutor.java:642)
	at java.base/java.lang.Thread.run(Thread.java:1623)
... Removed 21 stack frames</div></td></tr></table><p class="totop"><a href="#summary">back to summary</a></p>
<h3 id="m3">Test_Cases_Package.Test_Case_03#Test_Case_Login_Page</h3><table class="result"><tr class="param"><th>Parameter #1</th></tr><tr class="param stripe"><td>Test_Cases_Package.Base_Class_For_Test_cases$User_Details@1d9586e8</td></tr></table><p class="totop"><a href="#summary">back to summary</a></p>
</body>
</html>
